# JRE version: OpenJDK Runtime Environment Temurin-21.0.11+10 (21.0.11+10) (build 21.0.11+10-LTS)
# Java VM: OpenJDK 64-Bit Server VM Temurin-21.0.11+10 (21.0.11+10-LTS, mixed mode, sharing, tiered, compressed oops, compressed class ptrs, parallel gc, windows-amd64)
GC Precious Log:
 CardTable entry size: 512
 CPUs: 8 total, 8 available
 Memory: 7932M
 Large Page Support: Disabled
 NUMA Support: Disabled
 Compressed Oops: Enabled (32-bit)
 Alignments: Space 512K, Generation 512K, Heap 2M
 Heap Min Capacity: 100M
 Heap Initial Capacity: 100M
 Heap Max Capacity: 2G
 Pre-touch: Disabled
 Parallel Workers: 8
Heap:
 PSYoungGen      total 4608K, used 4384K [0x00000000d5580000, 0x00000000d5b00000, 0x0000000100000000)
  eden space 4096K, 100% used [0x00000000d5580000,0x00000000d5980000,0x00000000d5980000)
  from space 512K, 56% used [0x00000000d5a80000,0x00000000d5ac8000,0x00000000d5b00000)
  to   space 512K, 0% used [0x00000000d5a00000,0x00000000d5a00000,0x00000000d5a80000)
 ParOldGen       total 355328K, used 355110K [0x0000000080000000, 0x0000000095b00000, 0x00000000d5580000)
  object space 355328K, 99% used [0x0000000080000000,0x0000000095ac9810,0x0000000095b00000)
 Metaspace       used 84472K, committed 86144K, reserved 1179648K
  class space    used 8769K, committed 9536K, reserved 1048576K
GC Heap History (20 events):
Event: 3565.689 GC heap before
{Heap before GC invocations=883 (full 4):
 PSYoungGen      total 4608K, used 4608K [0x00000000d5580000, 0x00000000d5c80000, 0x0000000100000000)
  eden space 4096K, 100% used [0x00000000d5580000,0x00000000d5980000,0x00000000d5980000)
  from space 512K, 100% used [0x00000000d5b00000,0x00000000d5b80000,0x00000000d5b80000)
  to   space 1536K, 0% used [0x00000000d5980000,0x00000000d5980000,0x00000000d5b00000)
 ParOldGen       total 353280K, used 353062K [0x0000000080000000, 0x0000000095900000, 0x00000000d5580000)
  object space 353280K, 99% used [0x0000000080000000,0x00000000958c9a50,0x0000000095900000)
 Metaspace       used 84453K, committed 86144K, reserved 1179648K
  class space    used 8769K, committed 9536K, reserved 1048576K
}
Event: 3565.690 GC heap after
{Heap after GC invocations=883 (full 4):
 PSYoungGen      total 4608K, used 304K [0x00000000d5580000, 0x00000000d5b80000, 0x0000000100000000)
  eden space 4096K, 0% used [0x00000000d5580000,0x00000000d5580000,0x00000000d5980000)
  from space 512K, 59% used [0x00000000d5980000,0x00000000d59cc010,0x00000000d5a00000)
  to   space 1024K, 0% used [0x00000000d5a80000,0x00000000d5a80000,0x00000000d5b80000)
 ParOldGen       total 353792K, used 353461K [0x0000000080000000, 0x0000000095980000, 0x00000000d5580000)
  object space 353792K, 99% used [0x0000000080000000,0x000000009592d4a0,0x0000000095980000)
 Metaspace       used 84453K, committed 86144K, reserved 1179648K
  class space    used 8769K, committed 9536K, reserved 1048576K
}
Event: 3566.167 GC heap before
{Heap before GC invocations=884 (full 4):
 PSYoungGen      total 4608K, used 4400K [0x00000000d5580000, 0x00000000d5b80000, 0x0000000100000000)
  eden space 4096K, 100% used [0x00000000d5580000,0x00000000d5980000,0x00000000d5980000)
  from space 512K, 59% used [0x00000000d5980000,0x00000000d59cc010,0x00000000d5a00000)
  to   space 1024K, 0% used [0x00000000d5a80000,0x00000000d5a80000,0x00000000d5b80000)
 ParOldGen       total 353792K, used 353461K [0x0000000080000000, 0x0000000095980000, 0x00000000d5580000)
  object space 353792K, 99% used [0x0000000080000000,0x000000009592d4a0,0x0000000095980000)
 Metaspace       used 84458K, committed 86144K, reserved 1179648K
  class space    used 8769K, committed 9536K, reserved 1048576K
}
Event: 3566.169 GC heap after
{Heap after GC invocations=884 (full 4):
 PSYoungGen      total 5120K, used 592K [0x00000000d5580000, 0x00000000d5b80000, 0x0000000100000000)
  eden space 4096K, 0% used [0x00000000d5580000,0x00000000d5580000,0x00000000d5980000)
  from space 1024K, 57% used [0x00000000d5a80000,0x00000000d5b14010,0x00000000d5b80000)
  to   space 1024K, 0% used [0x00000000d5980000,0x00000000d5980000,0x00000000d5a80000)
 ParOldGen       total 353792K, used 353485K [0x0000000080000000, 0x0000000095980000, 0x00000000d5580000)
  object space 353792K, 99% used [0x0000000080000000,0x00000000959334a0,0x0000000095980000)
 Metaspace       used 84458K, committed 86144K, reserved 1179648K
  class space    used 8769K, committed 9536K, reserved 1048576K
}
Event: 3566.277 GC heap before
{Heap before GC invocations=885 (full 4):
 PSYoungGen      total 5120K, used 4688K [0x00000000d5580000, 0x00000000d5b80000, 0x0000000100000000)
  eden space 4096K, 100% used [0x00000000d5580000,0x00000000d5980000,0x00000000d5980000)
  from space 1024K, 57% used [0x00000000d5a80000,0x00000000d5b14010,0x00000000d5b80000)
  to   space 1024K, 0% used [0x00000000d5980000,0x00000000d5980000,0x00000000d5a80000)
 ParOldGen       total 353792K, used 353485K [0x0000000080000000, 0x0000000095980000, 0x00000000d5580000)
  object space 353792K, 99% used [0x0000000080000000,0x00000000959334a0,0x0000000095980000)
 Metaspace       used 84463K, committed 86144K, reserved 1179648K
  class space    used 8769K, committed 9536K, reserved 1048576K
}
Event: 3566.278 GC heap after
{Heap after GC invocations=885 (full 4):
 PSYoungGen      total 5120K, used 160K [0x00000000d5580000, 0x00000000d5b00000, 0x0000000100000000)
  eden space 4096K, 0% used [0x00000000d5580000,0x00000000d5580000,0x00000000d5980000)
  from space 1024K, 15% used [0x00000000d5980000,0x00000000d59a8000,0x00000000d5a80000)
  to   space 512K, 0% used [0x00000000d5a80000,0x00000000d5a80000,0x00000000d5b00000)
 ParOldGen       total 353792K, used 353509K [0x0000000080000000, 0x0000000095980000, 0x00000000d5580000)
  object space 353792K, 99% used [0x0000000080000000,0x00000000959394a0,0x0000000095980000)
 Metaspace       used 84463K, committed 86144K, reserved 1179648K
  class space    used 8769K, committed 9536K, reserved 1048576K
}
Event: 3566.572 GC heap before
{Heap before GC invocations=886 (full 4):
 PSYoungGen      total 5120K, used 4255K [0x00000000d5580000, 0x00000000d5b00000, 0x0000000100000000)
  eden space 4096K, 99% used [0x00000000d5580000,0x00000000d597fff0,0x00000000d5980000)
  from space 1024K, 15% used [0x00000000d5980000,0x00000000d59a8000,0x00000000d5a80000)
  to   space 512K, 0% used [0x00000000d5a80000,0x00000000d5a80000,0x00000000d5b00000)
 ParOldGen       total 353792K, used 353509K [0x0000000080000000, 0x0000000095980000, 0x00000000d5580000)
  object space 353792K, 99% used [0x0000000080000000,0x00000000959394a0,0x0000000095980000)
 Metaspace       used 84463K, committed 86144K, reserved 1179648K
  class space    used 8769K, committed 9536K, reserved 1048576K
}
Event: 3566.574 GC heap after
{Heap after GC invocations=886 (full 4):
 PSYoungGen      total 4608K, used 512K [0x00000000d5580000, 0x00000000d5b80000, 0x0000000100000000)
  eden space 4096K, 0% used [0x00000000d5580000,0x00000000d5580000,0x00000000d5980000)
  from space 512K, 100% used [0x00000000d5a80000,0x00000000d5b00000,0x00000000d5b00000)
  to   space 1024K, 0% used [0x00000000d5980000,0x00000000d5980000,0x00000000d5a80000)
 ParOldGen       total 353792K, used 353571K [0x0000000080000000, 0x0000000095980000, 0x00000000d5580000)
  object space 353792K, 99% used [0x0000000080000000,0x0000000095948ee0,0x0000000095980000)
 Metaspace       used 84463K, committed 86144K, reserved 1179648K
  class space    used 8769K, committed 9536K, reserved 1048576K
}
Event: 3566.695 GC heap before
{Heap before GC invocations=887 (full 4):
 PSYoungGen      total 4608K, used 4608K [0x00000000d5580000, 0x00000000d5b80000, 0x0000000100000000)
  eden space 4096K, 100% used [0x00000000d5580000,0x00000000d5980000,0x00000000d5980000)
  from space 512K, 100% used [0x00000000d5a80000,0x00000000d5b00000,0x00000000d5b00000)
  to   space 1024K, 0% used [0x00000000d5980000,0x00000000d5980000,0x00000000d5a80000)
 ParOldGen       total 353792K, used 353571K [0x0000000080000000, 0x0000000095980000, 0x00000000d5580000)
  object space 353792K, 99% used [0x0000000080000000,0x0000000095948ee0,0x0000000095980000)
 Metaspace       used 84463K, committed 86144K, reserved 1179648K
  class space    used 8769K, committed 9536K, reserved 1048576K
}
Event: 3566.697 GC heap after
{Heap after GC invocations=887 (full 4):
 PSYoungGen      total 5120K, used 320K [0x00000000d5580000, 0x00000000d5b00000, 0x0000000100000000)
  eden space 4096K, 0% used [0x00000000d5580000,0x00000000d5580000,0x00000000d5980000)
  from space 1024K, 31% used [0x00000000d5980000,0x00000000d59d0000,0x00000000d5a80000)
  to   space 512K, 0% used [0x00000000d5a80000,0x00000000d5a80000,0x00000000d5b00000)
 ParOldGen       total 354304K, used 354035K [0x0000000080000000, 0x0000000095a00000, 0x00000000d5580000)
  object space 354304K, 99% used [0x0000000080000000,0x00000000959bcef0,0x0000000095a00000)
 Metaspace       used 84463K, committed 86144K, reserved 1179648K
  class space    used 8769K, committed 9536K, reserved 1048576K
}
Event: 3568.669 GC heap before
{Heap before GC invocations=888 (full 4):
 PSYoungGen      total 5120K, used 4415K [0x00000000d5580000, 0x00000000d5b00000, 0x0000000100000000)
  eden space 4096K, 99% used [0x00000000d5580000,0x00000000d597fff8,0x00000000d5980000)
  from space 1024K, 31% used [0x00000000d5980000,0x00000000d59d0000,0x00000000d5a80000)
  to   space 512K, 0% used [0x00000000d5a80000,0x00000000d5a80000,0x00000000d5b00000)
 ParOldGen       total 354304K, used 354035K [0x0000000080000000, 0x0000000095a00000, 0x00000000d5580000)
  object space 354304K, 99% used [0x0000000080000000,0x00000000959bcef0,0x0000000095a00000)
 Metaspace       used 84463K, committed 86144K, reserved 1179648K
  class space    used 8769K, committed 9536K, reserved 1048576K
}
Event: 3568.670 GC heap after
{Heap after GC invocations=888 (full 4):
 PSYoungGen      total 4608K, used 512K [0x00000000d5580000, 0x00000000d5b80000, 0x0000000100000000)
  eden space 4096K, 0% used [0x00000000d5580000,0x00000000d5580000,0x00000000d5980000)
  from space 512K, 100% used [0x00000000d5a80000,0x00000000d5b00000,0x00000000d5b00000)
  to   space 1024K, 0% used [0x00000000d5980000,0x00000000d5980000,0x00000000d5a80000)
 ParOldGen       total 354304K, used 354067K [0x0000000080000000, 0x0000000095a00000, 0x00000000d5580000)
  object space 354304K, 99% used [0x0000000080000000,0x00000000959c4ef0,0x0000000095a00000)
 Metaspace       used 84463K, committed 86144K, reserved 1179648K
  class space    used 8769K, committed 9536K, reserved 1048576K
}
Event: 3568.868 GC heap before
{Heap before GC invocations=889 (full 4):
 PSYoungGen      total 4608K, used 4608K [0x00000000d5580000, 0x00000000d5b80000, 0x0000000100000000)
  eden space 4096K, 100% used [0x00000000d5580000,0x00000000d5980000,0x00000000d5980000)
  from space 512K, 100% used [0x00000000d5a80000,0x00000000d5b00000,0x00000000d5b00000)
  to   space 1024K, 0% used [0x00000000d5980000,0x00000000d5980000,0x00000000d5a80000)
 ParOldGen       total 354304K, used 354067K [0x0000000080000000, 0x0000000095a00000, 0x00000000d5580000)
  object space 354304K, 99% used [0x0000000080000000,0x00000000959c4ef0,0x0000000095a00000)
 Metaspace       used 84463K, committed 86144K, reserved 1179648K
  class space    used 8769K, committed 9536K, reserved 1048576K
}
Event: 3568.872 GC heap after
{Heap after GC invocations=889 (full 4):
 PSYoungGen      total 5120K, used 320K [0x00000000d5580000, 0x00000000d5b00000, 0x0000000100000000)
  eden space 4096K, 0% used [0x00000000d5580000,0x00000000d5580000,0x00000000d5980000)
  from space 1024K, 31% used [0x00000000d5980000,0x00000000d59d0000,0x00000000d5a80000)
  to   space 512K, 0% used [0x00000000d5a80000,0x00000000d5a80000,0x00000000d5b00000)
 ParOldGen       total 354816K, used 354520K [0x0000000080000000, 0x0000000095a80000, 0x00000000d5580000)
  object space 354816K, 99% used [0x0000000080000000,0x0000000095a36380,0x0000000095a80000)
 Metaspace       used 84463K, committed 86144K, reserved 1179648K
  class space    used 8769K, committed 9536K, reserved 1048576K
}
Event: 3573.523 GC heap before
{Heap before GC invocations=890 (full 4):
 PSYoungGen      total 5120K, used 4416K [0x00000000d5580000, 0x00000000d5b00000, 0x0000000100000000)
  eden space 4096K, 100% used [0x00000000d5580000,0x00000000d5980000,0x00000000d5980000)
  from space 1024K, 31% used [0x00000000d5980000,0x00000000d59d0000,0x00000000d5a80000)
  to   space 512K, 0% used [0x00000000d5a80000,0x00000000d5a80000,0x00000000d5b00000)
 ParOldGen       total 354816K, used 354520K [0x0000000080000000, 0x0000000095a80000, 0x00000000d5580000)
  object space 354816K, 99% used [0x0000000080000000,0x0000000095a36380,0x0000000095a80000)
 Metaspace       used 84467K, committed 86144K, reserved 1179648K
  class space    used 8769K, committed 9536K, reserved 1048576K
}
Event: 3573.524 GC heap after
{Heap after GC invocations=890 (full 4):
 PSYoungGen      total 4608K, used 160K [0x00000000d5580000, 0x00000000d5b00000, 0x0000000100000000)
  eden space 4096K, 0% used [0x00000000d5580000,0x00000000d5580000,0x00000000d5980000)
  from space 512K, 31% used [0x00000000d5a80000,0x00000000d5aa8000,0x00000000d5b00000)
  to   space 512K, 0% used [0x00000000d5a00000,0x00000000d5a00000,0x00000000d5a80000)
 ParOldGen       total 354816K, used 354600K [0x0000000080000000, 0x0000000095a80000, 0x00000000d5580000)
  object space 354816K, 99% used [0x0000000080000000,0x0000000095a4a380,0x0000000095a80000)
 Metaspace       used 84467K, committed 86144K, reserved 1179648K
  class space    used 8769K, committed 9536K, reserved 1048576K
}
Event: 3574.298 GC heap before
{Heap before GC invocations=891 (full 4):
 PSYoungGen      total 4608K, used 4256K [0x00000000d5580000, 0x00000000d5b00000, 0x0000000100000000)
  eden space 4096K, 100% used [0x00000000d5580000,0x00000000d5980000,0x00000000d5980000)
  from space 512K, 31% used [0x00000000d5a80000,0x00000000d5aa8000,0x00000000d5b00000)
  to   space 512K, 0% used [0x00000000d5a00000,0x00000000d5a00000,0x00000000d5a80000)
 ParOldGen       total 354816K, used 354600K [0x0000000080000000, 0x0000000095a80000, 0x00000000d5580000)
  object space 354816K, 99% used [0x0000000080000000,0x0000000095a4a380,0x0000000095a80000)
 Metaspace       used 84467K, committed 86144K, reserved 1179648K
  class space    used 8769K, committed 9536K, reserved 1048576K
}
Event: 3574.301 GC heap after
{Heap after GC invocations=891 (full 4):
 PSYoungGen      total 4608K, used 480K [0x00000000d5580000, 0x00000000d5b80000, 0x0000000100000000)
  eden space 4096K, 0% used [0x00000000d5580000,0x00000000d5580000,0x00000000d5980000)
  from space 512K, 93% used [0x00000000d5a00000,0x00000000d5a78020,0x00000000d5a80000)
  to   space 1024K, 0% used [0x00000000d5a80000,0x00000000d5a80000,0x00000000d5b80000)
 ParOldGen       total 354816K, used 354712K [0x0000000080000000, 0x0000000095a80000, 0x00000000d5580000)
  object space 354816K, 99% used [0x0000000080000000,0x0000000095a66380,0x0000000095a80000)
 Metaspace       used 84467K, committed 86144K, reserved 1179648K
  class space    used 8769K, committed 9536K, reserved 1048576K
}
Event: 3574.426 GC heap before
{Heap before GC invocations=892 (full 4):
 PSYoungGen      total 4608K, used 4576K [0x00000000d5580000, 0x00000000d5b80000, 0x0000000100000000)
  eden space 4096K, 99% used [0x00000000d5580000,0x00000000d597fff0,0x00000000d5980000)
  from space 512K, 93% used [0x00000000d5a00000,0x00000000d5a78020,0x00000000d5a80000)
  to   space 1024K, 0% used [0x00000000d5a80000,0x00000000d5a80000,0x00000000d5b80000)
 ParOldGen       total 354816K, used 354712K [0x0000000080000000, 0x0000000095a80000, 0x00000000d5580000)
  object space 354816K, 99% used [0x0000000080000000,0x0000000095a66380,0x0000000095a80000)
 Metaspace       used 84468K, committed 86144K, reserved 1179648K
  class space    used 8769K, committed 9536K, reserved 1048576K
}
Event: 3574.429 GC heap after
{Heap after GC invocations=892 (full 4):
 PSYoungGen      total 4608K, used 288K [0x00000000d5580000, 0x00000000d5b00000, 0x0000000100000000)
  eden space 4096K, 0% used [0x00000000d5580000,0x00000000d5580000,0x00000000d5980000)
  from space 512K, 56% used [0x00000000d5a80000,0x00000000d5ac8000,0x00000000d5b00000)
  to   space 512K, 0% used [0x00000000d5a00000,0x00000000d5a00000,0x00000000d5a80000)
 ParOldGen       total 355328K, used 355110K [0x0000000080000000, 0x0000000095b00000, 0x00000000d5580000)
  object space 355328K, 99% used [0x0000000080000000,0x0000000095ac9810,0x0000000095b00000)
 Metaspace       used 84468K, committed 86144K, reserved 1179648K
  class space    used 8769K, committed 9536K, reserved 1048576K
}

